1604285489537	mozrunner::runner	INFO	Running command: "C:\\Program Files\\Mozilla Firefox\\firefox.exe" "-marionette" "-foreground" "-no-remote" "-profile" "C:\\Users\\gbcba\\AppData\\Local\\Temp\\rust_mozprofileXROnHB"
Can't find symbol 'eglSwapBuffersWithDamageEXT'.
JavaScript error: resource://gre/modules/XULStore.jsm, line 66: Error: Can't find profile directory.
console.warn: SearchSettings: "get: No settings file exists, new profile?" (new Error("", "(unknown module)"))
1604285493267	Marionette	INFO	Listening on port 59320
JavaScript error: resource://activity-stream/lib/ActivityStreamPrefs.jsm, line 27: NS_ERROR_ILLEGAL_VALUE: Component returned failure code: 0x80070057 (NS_ERROR_ILLEGAL_VALUE) [nsIPrefBranch.removeObserver]
JavaScript error: resource://gre/modules/UrlClassifierListManager.jsm, line 691: TypeError: this.tablesData[table] is undefined
JavaScript error: resource://gre/modules/Sqlite.jsm, line 928: Error: Connection is not open.
1604285498225	Marionette	INFO	Stopped listening on port 59320

###!!! [Child][MessageChannel::SendAndWait] Error: Channel error: cannot send/recv

1604285508517	mozrunner::runner	INFO	Running command: "C:\\Program Files\\Mozilla Firefox\\firefox.exe" "-marionette" "-foreground" "-no-remote" "-profile" "C:\\Users\\gbcba\\AppData\\Local\\Temp\\rust_mozprofile93K5va"
Can't find symbol 'eglSwapBuffersWithDamageEXT'.
JavaScript error: resource://gre/modules/XULStore.jsm, line 66: Error: Can't find profile directory.
console.warn: SearchSettings: "get: No settings file exists, new profile?" (new Error("", "(unknown module)"))
1604285511505	Marionette	INFO	Listening on port 59352
1604285511711	Marionette	WARN	TLS certificate errors will be ignored for this session
1604285525644	Marionette	INFO	Stopped listening on port 59352

###!!! [Child][RunMessage] Error: Channel closing: too late to send/recv, messages will be lost


###!!! [Child][MessageChannel::SendAndWait] Error: Channel error: cannot send/recv

1604285569425	mozrunner::runner	INFO	Running command: "C:\\Program Files\\Mozilla Firefox\\firefox.exe" "-marionette" "-foreground" "-no-remote" "-profile" "C:\\Users\\gbcba\\AppData\\Local\\Temp\\rust_mozprofilephr01h"
Can't find symbol 'eglSwapBuffersWithDamageEXT'.
JavaScript error: resource://gre/modules/XULStore.jsm, line 66: Error: Can't find profile directory.
console.warn: SearchSettings: "get: No settings file exists, new profile?" (new Error("", "(unknown module)"))
1604285572560	Marionette	INFO	Listening on port 59401
1604285572610	Marionette	WARN	TLS certificate errors will be ignored for this session
1604285620517	Marionette	INFO	Stopped listening on port 59401

###!!! [Child][RunMessage] Error: Channel closing: too late to send/recv, messages will be lost


###!!! [Child][MessageChannel::SendAndWait] Error: Channel error: cannot send/recv

1604285635173	mozrunner::runner	INFO	Running command: "C:\\Program Files\\Mozilla Firefox\\firefox.exe" "-marionette" "-foreground" "-no-remote" "-profile" "C:\\Users\\gbcba\\AppData\\Local\\Temp\\rust_mozprofileGO7ub7"
Can't find symbol 'eglSwapBuffersWithDamageEXT'.
JavaScript error: resource://gre/modules/XULStore.jsm, line 66: Error: Can't find profile directory.
console.warn: SearchSettings: "get: No settings file exists, new profile?" (new Error("", "(unknown module)"))
1604285638740	Marionette	INFO	Listening on port 59452
1604285638847	Marionette	WARN	TLS certificate errors will be ignored for this session
[Parent 8680, Gecko_IOThread] WARNING: file /builds/worker/checkouts/gecko/ipc/chromium/src/base/process_util_win.cc, line 166
1604285674222	Marionette	INFO	Stopped listening on port 59452

###!!! [Child][RunMessage] Error: Channel closing: too late to send/recv, messages will be lost


###!!! [Child][MessageChannel::SendAndWait] Error: Channel error: cannot send/recv

1604355777335	mozrunner::runner	INFO	Running command: "C:\\Program Files\\Mozilla Firefox\\firefox.exe" "-marionette" "-foreground" "-no-remote" "-profile" "C:\\Users\\gbcba\\AppData\\Local\\Temp\\rust_mozprofileBK9c0z"
Can't find symbol 'eglSwapBuffersWithDamageEXT'.
JavaScript error: resource://gre/modules/XULStore.jsm, line 66: Error: Can't find profile directory.
console.warn: SearchSettings: "get: No settings file exists, new profile?" (new Error("", "(unknown module)"))
1604355787533	Marionette	INFO	Listening on port 52960
1604355788431	Marionette	WARN	TLS certificate errors will be ignored for this session
[Parent 9176, Gecko_IOThread] WARNING: file /builds/worker/checkouts/gecko/ipc/chromium/src/base/process_util_win.cc, line 166
console.warn: LoginRecipes: "getRecipes: falling back to a synchronous message for:" "http://siga.saude.prefeitura.sp.gov.br"
console.warn: LoginRecipes: "getRecipes: falling back to a synchronous message for:" "http://siga.saude.prefeitura.sp.gov.br"
console.warn: LoginRecipes: "getRecipes: falling back to a synchronous message for:" "http://siga.saude.prefeitura.sp.gov.br"
1604355886745	Marionette	INFO	Stopped listening on port 52960

###!!! [Child][RunMessage] Error: Channel closing: too late to send/recv, messages will be lost


###!!! [Child][MessageChannel::SendAndWait] Error: Channel error: cannot send/recv

